<?xml version="1.0" encoding="UTF-8"?>
<coverage generated="1656647088066" clover="3.2.0">
  <project timestamp="1656647088066" name="All files">
    <metrics statements="5" coveredstatements="5" conditionals="2" coveredconditionals="2" methods="3" coveredmethods="3" elements="10" coveredelements="10" complexity="0" loc="5" ncloc="5" packages="1" files="1" classes="1"/>
    <file name="getSongObjectFromUserInput.ts" path="/Users/maxwellrosenberg/TuneWalrus/src/utils/getSongObjectFromUserInput.ts">
      <metrics statements="5" coveredstatements="5" conditionals="2" coveredconditionals="2" methods="3" coveredmethods="3"/>
      <line num="4" count="1" type="stmt"/>
      <line num="13" count="1" type="stmt"/>
      <line num="20" count="2" type="stmt"/>
      <line num="21" count="2" type="stmt"/>
      <line num="27" count="2" type="stmt"/>
    </file>
  </project>
</coverage>
