{"/Users/maxwellrosenberg/TuneWalrus/src/utils/getSongObjectFromUserInput.ts": {"path":"/Users/maxwellrosenberg/TuneWalrus/src/utils/getSongObjectFromUserInput.ts","statementMap":{"0":{"start":{"line":4,"column":25},"end":{"line":4,"column":54}},"1":{"start":{"line":13,"column":42},"end":{"line":32,"column":3}},"2":{"start":{"line":20,"column":2},"end":{"line":32,"column":3}},"3":{"start":{"line":21,"column":4},"end":{"line":31,"column":9}},"4":{"start":{"line":27,"column":44},"end":{"line":31,"column":7}}},"fnMap":{"0":{"name":"(anonymous_0)","decl":{"start":{"line":13,"column":42},"end":{"line":13,"column":43}},"loc":{"start":{"line":20,"column":2},"end":{"line":32,"column":3}},"line":20},"1":{"name":"(anonymous_1)","decl":{"start":{"line":20,"column":62},"end":{"line":20,"column":63}},"loc":{"start":{"line":21,"column":4},"end":{"line":31,"column":9}},"line":21},"2":{"name":"(anonymous_2)","decl":{"start":{"line":27,"column":12},"end":{"line":27,"column":13}},"loc":{"start":{"line":27,"column":44},"end":{"line":31,"column":7}},"line":27}},"branchMap":{"0":{"loc":{"start":{"line":23,"column":8},"end":{"line":25,"column":68}},"type":"cond-expr","locations":[{"start":{"line":24,"column":12},"end":{"line":24,"column":21}},{"start":{"line":25,"column":12},"end":{"line":25,"column":68}}],"line":23}},"s":{"0":1,"1":1,"2":2,"3":2,"4":2},"f":{"0":2,"1":2,"2":2},"b":{"0":[1,1]},"_coverageSchema":"1a1c01bbd47fc00a2c39e90264f33305004495a9","hash":"b650f9f699a17a87000aa6c4b10bada732d224dd"}
}
